<?xml version="1.0" encoding="UTF-8"?>
<testng-results ignored="0" total="7" passed="7" failed="0" skipped="0">
  <reporter-output>
    <line>
      <![CDATA[Opening Browser]]>
    </line>
    <line>
      <![CDATA[Login]]>
    </line>
    <line>
      <![CDATA[deleteCustomer]]>
    </line>
    <line>
      <![CDATA[Logout]]>
    </line>
    <line>
      <![CDATA[Login]]>
    </line>
    <line>
      <![CDATA[registerCustomer]]>
    </line>
    <line>
      <![CDATA[Logout]]>
    </line>
    <line>
      <![CDATA[Login]]>
    </line>
    <line>
      <![CDATA[editeCustomer]]>
    </line>
    <line>
      <![CDATA[Logout]]>
    </line>
    <line>
      <![CDATA[Login]]>
    </line>
    <line>
      <![CDATA[editeCustomer]]>
    </line>
    <line>
      <![CDATA[Logout]]>
    </line>
    <line>
      <![CDATA[Login]]>
    </line>
    <line>
      <![CDATA[ModifyTask]]>
    </line>
    <line>
      <![CDATA[Logout]]>
    </line>
    <line>
      <![CDATA[Login]]>
    </line>
    <line>
      <![CDATA[modifyCustomer]]>
    </line>
    <line>
      <![CDATA[Logout]]>
    </line>
    <line>
      <![CDATA[Login]]>
    </line>
    <line>
      <![CDATA[createCustomer]]>
    </line>
    <line>
      <![CDATA[Logout]]>
    </line>
    <line>
      <![CDATA[Closing Browser]]>
    </line>
  </reporter-output>
  <suite started-at="2023-04-15T13:11:55 IST" name="Default suite" finished-at="2023-04-15T13:12:55 IST" duration-ms="60226">
    <groups>
    </groups>
    <test started-at="2023-04-15T13:11:55 IST" name="Default test" finished-at="2023-04-15T13:12:55 IST" duration-ms="60226">
      <class name="com.actitime.testscript.CustomerModule">
        <test-method is-config="true" signature="openBrowser()[pri:0, instance:com.actitime.testscript.CustomerModule@73e22a3d]" started-at="2023-04-15T13:11:55 IST" name="openBrowser" finished-at="2023-04-15T13:12:21 IST" duration-ms="26356" status="PASS">
          <reporter-output>
            <line>
              <![CDATA[Opening Browser]]>
            </line>
          </reporter-output>
        </test-method> <!-- openBrowser -->
        <test-method is-config="true" signature="login()[pri:0, instance:com.actitime.testscript.CustomerModule@73e22a3d]" started-at="2023-04-15T13:12:21 IST" name="login" finished-at="2023-04-15T13:12:22 IST" duration-ms="429" status="PASS">
          <reporter-output>
            <line>
              <![CDATA[Login]]>
            </line>
          </reporter-output>
        </test-method> <!-- login -->
        <test-method signature="deleteCustomer()[pri:0, instance:com.actitime.testscript.CustomerModule@73e22a3d]" started-at="2023-04-15T13:12:22 IST" name="deleteCustomer" finished-at="2023-04-15T13:12:22 IST" duration-ms="6" status="PASS">
          <reporter-output>
            <line>
              <![CDATA[deleteCustomer]]>
            </line>
          </reporter-output>
        </test-method> <!-- deleteCustomer -->
        <test-method is-config="true" signature="logout()[pri:0, instance:com.actitime.testscript.CustomerModule@73e22a3d]" started-at="2023-04-15T13:12:22 IST" name="logout" finished-at="2023-04-15T13:12:28 IST" duration-ms="6042" status="PASS">
          <reporter-output>
            <line>
              <![CDATA[Logout]]>
            </line>
          </reporter-output>
        </test-method> <!-- logout -->
        <test-method is-config="true" signature="login()[pri:0, instance:com.actitime.testscript.CustomerModule@73e22a3d]" started-at="2023-04-15T13:12:28 IST" name="login" finished-at="2023-04-15T13:12:28 IST" duration-ms="334" status="PASS">
          <reporter-output>
            <line>
              <![CDATA[Login]]>
            </line>
          </reporter-output>
        </test-method> <!-- login -->
        <test-method signature="registerCustomer()[pri:0, instance:com.actitime.testscript.CustomerModule@73e22a3d]" started-at="2023-04-15T13:12:28 IST" name="registerCustomer" finished-at="2023-04-15T13:12:28 IST" duration-ms="2" status="PASS">
          <reporter-output>
            <line>
              <![CDATA[registerCustomer]]>
            </line>
          </reporter-output>
        </test-method> <!-- registerCustomer -->
        <test-method is-config="true" signature="logout()[pri:0, instance:com.actitime.testscript.CustomerModule@73e22a3d]" started-at="2023-04-15T13:12:28 IST" name="logout" finished-at="2023-04-15T13:12:33 IST" duration-ms="4465" status="PASS">
          <reporter-output>
            <line>
              <![CDATA[Logout]]>
            </line>
          </reporter-output>
        </test-method> <!-- logout -->
        <test-method is-config="true" signature="login()[pri:0, instance:com.actitime.testscript.CustomerModule@73e22a3d]" started-at="2023-04-15T13:12:33 IST" name="login" finished-at="2023-04-15T13:12:33 IST" duration-ms="419" status="PASS">
          <reporter-output>
            <line>
              <![CDATA[Login]]>
            </line>
          </reporter-output>
        </test-method> <!-- login -->
        <test-method signature="editCustomer()[pri:1, instance:com.actitime.testscript.CustomerModule@73e22a3d]" started-at="2023-04-15T13:12:33 IST" name="editCustomer" finished-at="2023-04-15T13:12:33 IST" duration-ms="2" status="PASS">
          <reporter-output>
            <line>
              <![CDATA[editeCustomer]]>
            </line>
          </reporter-output>
        </test-method> <!-- editCustomer -->
        <test-method is-config="true" signature="logout()[pri:0, instance:com.actitime.testscript.CustomerModule@73e22a3d]" started-at="2023-04-15T13:12:33 IST" name="logout" finished-at="2023-04-15T13:12:37 IST" duration-ms="4325" status="PASS">
          <reporter-output>
            <line>
              <![CDATA[Logout]]>
            </line>
          </reporter-output>
        </test-method> <!-- logout -->
        <test-method is-config="true" signature="login()[pri:0, instance:com.actitime.testscript.CustomerModule@73e22a3d]" started-at="2023-04-15T13:12:37 IST" name="login" finished-at="2023-04-15T13:12:38 IST" duration-ms="232" status="PASS">
          <reporter-output>
            <line>
              <![CDATA[Login]]>
            </line>
          </reporter-output>
        </test-method> <!-- login -->
        <test-method signature="editCustomer()[pri:1, instance:com.actitime.testscript.CustomerModule@73e22a3d]" started-at="2023-04-15T13:12:38 IST" name="editCustomer" finished-at="2023-04-15T13:12:38 IST" duration-ms="1" status="PASS">
          <reporter-output>
            <line>
              <![CDATA[editeCustomer]]>
            </line>
          </reporter-output>
        </test-method> <!-- editCustomer -->
        <test-method is-config="true" signature="logout()[pri:0, instance:com.actitime.testscript.CustomerModule@73e22a3d]" started-at="2023-04-15T13:12:38 IST" name="logout" finished-at="2023-04-15T13:12:42 IST" duration-ms="4162" status="PASS">
          <reporter-output>
            <line>
              <![CDATA[Logout]]>
            </line>
          </reporter-output>
        </test-method> <!-- logout -->
        <test-method is-config="true" signature="login()[pri:0, instance:com.actitime.testscript.CustomerModule@73e22a3d]" started-at="2023-04-15T13:12:42 IST" name="login" finished-at="2023-04-15T13:12:42 IST" duration-ms="221" status="PASS">
          <reporter-output>
            <line>
              <![CDATA[Login]]>
            </line>
          </reporter-output>
        </test-method> <!-- login -->
        <test-method signature="modifyTask()[pri:2, instance:com.actitime.testscript.CustomerModule@73e22a3d]" started-at="2023-04-15T13:12:42 IST" name="modifyTask" finished-at="2023-04-15T13:12:42 IST" duration-ms="2" status="PASS">
          <reporter-output>
            <line>
              <![CDATA[ModifyTask]]>
            </line>
          </reporter-output>
        </test-method> <!-- modifyTask -->
        <test-method is-config="true" signature="logout()[pri:0, instance:com.actitime.testscript.CustomerModule@73e22a3d]" started-at="2023-04-15T13:12:42 IST" name="logout" finished-at="2023-04-15T13:12:46 IST" duration-ms="4265" status="PASS">
          <reporter-output>
            <line>
              <![CDATA[Logout]]>
            </line>
          </reporter-output>
        </test-method> <!-- logout -->
        <test-method is-config="true" signature="login()[pri:0, instance:com.actitime.testscript.CustomerModule@73e22a3d]" started-at="2023-04-15T13:12:46 IST" name="login" finished-at="2023-04-15T13:12:46 IST" duration-ms="280" status="PASS">
          <reporter-output>
            <line>
              <![CDATA[Login]]>
            </line>
          </reporter-output>
        </test-method> <!-- login -->
        <test-method signature="modifyCustomer()[pri:3, instance:com.actitime.testscript.CustomerModule@73e22a3d]" started-at="2023-04-15T13:12:46 IST" name="modifyCustomer" finished-at="2023-04-15T13:12:46 IST" duration-ms="2" status="PASS">
          <reporter-output>
            <line>
              <![CDATA[modifyCustomer]]>
            </line>
          </reporter-output>
        </test-method> <!-- modifyCustomer -->
        <test-method is-config="true" signature="logout()[pri:0, instance:com.actitime.testscript.CustomerModule@73e22a3d]" started-at="2023-04-15T13:12:46 IST" name="logout" finished-at="2023-04-15T13:12:51 IST" duration-ms="4107" status="PASS">
          <reporter-output>
            <line>
              <![CDATA[Logout]]>
            </line>
          </reporter-output>
        </test-method> <!-- logout -->
        <test-method is-config="true" signature="login()[pri:0, instance:com.actitime.testscript.CustomerModule@73e22a3d]" started-at="2023-04-15T13:12:51 IST" name="login" finished-at="2023-04-15T13:12:51 IST" duration-ms="431" status="PASS">
          <reporter-output>
            <line>
              <![CDATA[Login]]>
            </line>
          </reporter-output>
        </test-method> <!-- login -->
        <test-method signature="createCustomer()[pri:1, instance:com.actitime.testscript.CustomerModule@73e22a3d]" started-at="2023-04-15T13:12:51 IST" name="createCustomer" finished-at="2023-04-15T13:12:51 IST" depends-on-methods="com.actitime.testscript.CustomerModule.modifyCustomer" duration-ms="2" status="PASS">
          <reporter-output>
            <line>
              <![CDATA[createCustomer]]>
            </line>
          </reporter-output>
        </test-method> <!-- createCustomer -->
        <test-method is-config="true" signature="logout()[pri:0, instance:com.actitime.testscript.CustomerModule@73e22a3d]" started-at="2023-04-15T13:12:51 IST" name="logout" finished-at="2023-04-15T13:12:55 IST" duration-ms="3945" status="PASS">
          <reporter-output>
            <line>
              <![CDATA[Logout]]>
            </line>
          </reporter-output>
        </test-method> <!-- logout -->
        <test-method is-config="true" signature="closeBrowser()[pri:0, instance:com.actitime.testscript.CustomerModule@73e22a3d]" started-at="2023-04-15T13:12:55 IST" name="closeBrowser" finished-at="2023-04-15T13:12:55 IST" duration-ms="129" status="PASS">
          <reporter-output>
            <line>
              <![CDATA[Closing Browser]]>
            </line>
          </reporter-output>
        </test-method> <!-- closeBrowser -->
      </class> <!-- com.actitime.testscript.CustomerModule -->
    </test> <!-- Default test -->
  </suite> <!-- Default suite -->
</testng-results>
