<?xml version="1.0" encoding="UTF-8"?>
<!-- Generated by org.testng.reporters.JUnitXMLReporter -->
<testsuite ignored="0" hostname="Brownie" failures="0" tests="7" name="Default test" time="60.226" errors="0" timestamp="2023-04-15T13:12:55 IST">
  <testcase classname="com.actitime.testscript.CustomerModule" name="deleteCustomer" time="0.006"/>
  <testcase classname="com.actitime.testscript.CustomerModule" name="registerCustomer" time="0.002"/>
  <testcase classname="com.actitime.testscript.CustomerModule" name="editCustomer" time="0.002"/>
  <testcase classname="com.actitime.testscript.CustomerModule" name="editCustomer" time="0.001"/>
  <testcase classname="com.actitime.testscript.CustomerModule" name="modifyTask" time="0.002"/>
  <testcase classname="com.actitime.testscript.CustomerModule" name="modifyCustomer" time="0.002"/>
  <testcase classname="com.actitime.testscript.CustomerModule" name="createCustomer" time="0.002"/>
</testsuite> <!-- Default test -->
